[0m15:55:18.203957 [debug] [MainThread]: Sending event: {'category': 'dbt', 'action': 'invocation', 'label': 'start', 'context': [<snowplow_tracker.self_describing_json.SelfDescribingJson object at 0x106748530>, <snowplow_tracker.self_describing_json.SelfDescribingJson object at 0x106c1b800>, <snowplow_tracker.self_describing_json.SelfDescribingJson object at 0x106c1b380>]}


============================== 15:55:18.209533 | 01520eb4-578a-4de8-977f-9be5787282d5 ==============================
[0m15:55:18.209533 [info ] [MainThread]: Running with dbt=1.9.2
[0m15:55:18.210085 [debug] [MainThread]: running dbt with arguments {'printer_width': '80', 'indirect_selection': 'eager', 'write_json': 'True', 'log_cache_events': 'False', 'partial_parse': 'True', 'cache_selected_only': 'False', 'warn_error': 'None', 'version_check': 'True', 'profiles_dir': '/Users/aniketpatole/.dbt', 'log_path': 'logs', 'debug': 'False', 'fail_fast': 'False', 'use_colors': 'True', 'use_experimental_parser': 'False', 'empty': 'None', 'quiet': 'False', 'no_print': 'None', 'log_format': 'default', 'static_parser': 'True', 'introspect': 'True', 'invocation_command': 'dbt init', 'target_path': 'None', 'warn_error_options': 'WarnErrorOptions(include=[], exclude=[])', 'send_anonymous_usage_stats': 'True'}
[0m15:55:18.222467 [warn ] [MainThread]: [ConfigFolderDirectory]: Unable to parse logging event dictionary. Failed to parse dir field: expected string or bytes-like object, got 'PosixPath'.. Dictionary: {'dir': PosixPath('/Users/aniketpatole/.dbt')}
[0m15:55:18.224154 [info ] [MainThread]: Creating dbt configuration folder at 
[0m15:55:25.053145 [debug] [MainThread]: Starter project path: /Users/aniketpatole/.pyenv/versions/3.12.0/lib/python3.12/site-packages/dbt/include/starter_project
[0m15:55:25.067644 [info ] [MainThread]: 
Your new dbt project "custom_postgres" was created!

For more information on how to configure the profiles.yml file,
please consult the dbt documentation here:

  https://docs.getdbt.com/docs/configure-your-profile

One more thing:

Need help? Don't hesitate to reach out to us via GitHub issues or on Slack:

  https://community.getdbt.com/

Happy modeling!

[0m15:55:25.068446 [info ] [MainThread]: Setting up your profile.
[0m15:57:47.050256 [info ] [MainThread]: Profile custom_postgres written to /Users/aniketpatole/.dbt/profiles.yml using target's profile_template.yml and your supplied values. Run 'dbt debug' to validate the connection.
[0m15:57:47.098421 [debug] [MainThread]: Resource report: {"command_name": "init", "command_success": true, "command_wall_clock_time": 148.96898, "process_in_blocks": "0", "process_kernel_time": 0.250962, "process_mem_max_rss": "100958208", "process_out_blocks": "0", "process_user_time": 1.220205}
[0m15:57:47.099770 [debug] [MainThread]: Command `dbt init` succeeded at 15:57:47.099589 after 148.97 seconds
[0m15:57:47.100804 [debug] [MainThread]: Sending event: {'category': 'dbt', 'action': 'invocation', 'label': 'end', 'context': [<snowplow_tracker.self_describing_json.SelfDescribingJson object at 0x106c1b530>, <snowplow_tracker.self_describing_json.SelfDescribingJson object at 0x106573b00>, <snowplow_tracker.self_describing_json.SelfDescribingJson object at 0x1065bf680>]}
[0m15:57:47.101757 [debug] [MainThread]: Flushing usage events
[0m15:57:47.387377 [debug] [MainThread]: An error was encountered while trying to flush usage events
